<?xml version="1.0" encoding="UTF-8"?>
<testsuite name="com.csye6225.spring2018.TestLogin" tests="1" skipped="0" failures="0" errors="0" timestamp="2018-03-29T00:30:30" hostname="ubuntu" time="0.022">
  <properties/>
  <testcase name="testLogin" classname="com.csye6225.spring2018.TestLogin" time="0.022"/>
  <system-out><![CDATA[]]></system-out>
  <system-err><![CDATA[]]></system-err>
</testsuite>
